[debug] [2020-10-30T13:33:37.875Z] ----------------------------------------------------------------------
[debug] [2020-10-30T13:33:37.877Z] Command:       /usr/local/bin/node /usr/local/bin/firebase deploy
[debug] [2020-10-30T13:33:37.878Z] CLI Version:   8.11.1
[debug] [2020-10-30T13:33:37.878Z] Platform:      darwin
[debug] [2020-10-30T13:33:37.878Z] Node Version:  v14.8.0
[debug] [2020-10-30T13:33:37.879Z] Time:          Fri Oct 30 2020 16:33:37 GMT+0300 (Москва, стандартное время)
[debug] [2020-10-30T13:33:37.879Z] ----------------------------------------------------------------------
[debug] [2020-10-30T13:33:37.879Z] 
[debug] [2020-10-30T13:33:37.928Z] > command requires scopes: ["email","openid","https://www.googleapis.com/auth/cloudplatformprojects.readonly","https://www.googleapis.com/auth/firebase","https://www.googleapis.com/auth/cloud-platform"]
[debug] [2020-10-30T13:33:37.929Z] > authorizing via signed-in user
[debug] [2020-10-30T13:33:37.929Z] [iam] checking project mail-regentinox for permissions ["firebase.projects.get","firebasehosting.sites.update"]
[debug] [2020-10-30T13:33:37.931Z] > refreshing access token with scopes: ["email","https://www.googleapis.com/auth/cloud-platform","https://www.googleapis.com/auth/cloudplatformprojects.readonly","https://www.googleapis.com/auth/firebase","openid"]
[debug] [2020-10-30T13:33:37.932Z] >>> HTTP REQUEST POST https://www.googleapis.com/oauth2/v3/token  
 <request body omitted>
[debug] [2020-10-30T13:33:38.056Z] <<< HTTP RESPONSE 200 {"date":"Fri, 30 Oct 2020 13:33:38 GMT","expires":"Mon, 01 Jan 1990 00:00:00 GMT","cache-control":"no-cache, no-store, max-age=0, must-revalidate","pragma":"no-cache","content-type":"application/json; charset=utf-8","vary":"X-Origin, Referer, Origin,Accept-Encoding","server":"scaffolding on HTTPServer2","x-xss-protection":"0","x-frame-options":"SAMEORIGIN","x-content-type-options":"nosniff","alt-svc":"h3-Q050=\":443\"; ma=2592000,h3-29=\":443\"; ma=2592000,h3-T051=\":443\"; ma=2592000,h3-T050=\":443\"; ma=2592000,h3-Q046=\":443\"; ma=2592000,h3-Q043=\":443\"; ma=2592000,quic=\":443\"; ma=2592000; v=\"46,43\"","accept-ranges":"none","transfer-encoding":"chunked"}
[debug] [2020-10-30T13:33:38.074Z] >>> HTTP REQUEST POST https://cloudresourcemanager.googleapis.com/v1/projects/mail-regentinox:testIamPermissions  
 {"permissions":["firebase.projects.get","firebasehosting.sites.update"]}
[debug] [2020-10-30T13:33:39.034Z] <<< HTTP RESPONSE 200 {"content-type":"application/json; charset=UTF-8","vary":"X-Origin, Referer, Origin,Accept-Encoding","date":"Fri, 30 Oct 2020 13:33:38 GMT","server":"ESF","cache-control":"private","x-xss-protection":"0","x-frame-options":"SAMEORIGIN","x-content-type-options":"nosniff","server-timing":"gfet4t7; dur=783","alt-svc":"h3-Q050=\":443\"; ma=2592000,h3-29=\":443\"; ma=2592000,h3-T051=\":443\"; ma=2592000,h3-T050=\":443\"; ma=2592000,h3-Q046=\":443\"; ma=2592000,h3-Q043=\":443\"; ma=2592000,quic=\":443\"; ma=2592000; v=\"46,43\"","accept-ranges":"none","transfer-encoding":"chunked"}
[debug] [2020-10-30T13:33:39.036Z] >>> HTTP REQUEST GET https://firebase.googleapis.com/v1beta1/projects/mail-regentinox  
 
[debug] [2020-10-30T13:33:39.248Z] <<< HTTP RESPONSE 200 {"content-type":"application/json; charset=UTF-8","vary":"X-Origin, Referer, Origin,Accept-Encoding","date":"Fri, 30 Oct 2020 13:33:39 GMT","server":"ESF","cache-control":"private","x-xss-protection":"0","x-frame-options":"SAMEORIGIN","x-content-type-options":"nosniff","alt-svc":"h3-Q050=\":443\"; ma=2592000,h3-29=\":443\"; ma=2592000,h3-T051=\":443\"; ma=2592000,h3-T050=\":443\"; ma=2592000,h3-Q046=\":443\"; ma=2592000,h3-Q043=\":443\"; ma=2592000,quic=\":443\"; ma=2592000; v=\"46,43\"","accept-ranges":"none","transfer-encoding":"chunked"}
[info] 
[info] === Deploying to 'mail-regentinox'...
[info] 
[info] i  deploying hosting 
[debug] [2020-10-30T13:33:39.252Z] >>> HTTP REQUEST POST https://firebasehosting.googleapis.com/v1beta1/sites/mail-regentinox/versions  
 {"config":{"rewrites":[{"glob":"**","path":"/index.html"}]},"labels":{"deployment-tool":"cli-firebase"}}
[debug] [2020-10-30T13:33:40.978Z] <<< HTTP RESPONSE 200 {"content-type":"application/json; charset=UTF-8","vary":"X-Origin, Referer, Origin,Accept-Encoding","date":"Fri, 30 Oct 2020 13:33:40 GMT","server":"ESF","cache-control":"private","x-xss-protection":"0","x-frame-options":"SAMEORIGIN","x-content-type-options":"nosniff","alt-svc":"h3-Q050=\":443\"; ma=2592000,h3-29=\":443\"; ma=2592000,h3-T051=\":443\"; ma=2592000,h3-T050=\":443\"; ma=2592000,h3-Q046=\":443\"; ma=2592000,h3-Q043=\":443\"; ma=2592000,quic=\":443\"; ma=2592000; v=\"46,43\"","accept-ranges":"none","transfer-encoding":"chunked"}
[info] i  hosting[mail-regentinox]: beginning deploy... 
[info] i  hosting[mail-regentinox]: found 38 files in dist 
[debug] [2020-10-30T13:33:41.134Z] [hosting] hash cache [ZGlzdA] stored for 38 files
[debug] [2020-10-30T13:33:41.134Z] [hosting][hash queue][FINAL] {"max":132,"min":18,"avg":29.86842105263158,"active":0,"complete":38,"success":38,"errored":0,"retried":0,"total":38,"elapsed":133}
[debug] [2020-10-30T13:33:41.135Z] >>> HTTP REQUEST POST https://firebasehosting.googleapis.com/v1beta1/sites/mail-regentinox/versions/23cd028201dc74b1:populateFiles  
 <request body omitted>
[debug] [2020-10-30T13:33:42.307Z] <<< HTTP RESPONSE 200 {"content-type":"application/json; charset=UTF-8","vary":"X-Origin, Referer, Origin,Accept-Encoding","date":"Fri, 30 Oct 2020 13:33:42 GMT","server":"ESF","cache-control":"private","x-xss-protection":"0","x-frame-options":"SAMEORIGIN","x-content-type-options":"nosniff","alt-svc":"h3-Q050=\":443\"; ma=2592000,h3-29=\":443\"; ma=2592000,h3-T051=\":443\"; ma=2592000,h3-T050=\":443\"; ma=2592000,h3-Q046=\":443\"; ma=2592000,h3-Q043=\":443\"; ma=2592000,quic=\":443\"; ma=2592000; v=\"46,43\"","accept-ranges":"none","transfer-encoding":"chunked"}
[debug] [2020-10-30T13:33:42.309Z] [hosting][populate queue][FINAL] {"max":1175,"min":1175,"avg":1175,"active":0,"complete":1,"success":1,"errored":0,"retried":0,"total":1,"elapsed":1176}
[debug] [2020-10-30T13:33:42.309Z] [hosting] uploads queued: 1
